0.02077
0.0211978
0.0211678
0.0211172
0.021131
0.0212295
0.021319
0.0215313
0.0215218
0.0215253
0.0215277
0.0215751
0.0215863
0.0216183
0.0216552
0.0217159
0.0217121
0.0216862
0.0216677
0.0216436
0.021591
0.021538
0.0215001
0.0214331
0.0213819
0.021272
0.0212531
0.0212534
0.0211969
0.0211596
0.0211491
0.0211555
0.0211473
0.0211466
0.0211584
0.0211427
0.0211082
0.0210789
0.0210658
0.0210451
0.0210257
0.0209982
0.0209724
0.0209409
0.0209337
0.0209395
0.0209318
0.0209192
0.0209199
0.0209302
0.0209308
0.0209399
0.0209517
0.0209661
0.0209947
0.0210233
0.0210382
0.021051
0.0210645
0.0210787
0.0210819
0.0210993
0.0211063
0.0211266
0.0211539
0.0211705
0.021202
0.0212463
0.021279
0.0213118
0.0213398
0.021363
0.0213836
0.0213911
0.0214036
0.0214084
0.0214095
0.0213974
0.0213781
0.0213667
0.0213647
0.021354
0.0213206
0.0212924
0.021261
0.0212471
0.0212298
0.0212221
0.0212283
0.0212306
0.0212596
0.0212917
0.0213186
0.0213573
0.0213876
0.021413
0.0214261
0.0214533
0.0214783
0.0214952
0.0215209
0.0215378
0.021555
0.0215636
0.0215743
0.0215802
0.0215796
0.0215912
0.0215956
0.0215988
0.0215904
0.0215913
0.0215923
0.0215944
0.021597
0.0215939
0.021587
0.0215802
0.0215854
0.0215829
0.0215881
0.0215858
0.021584
0.0215714
0.0215604
0.0215524
0.021545
0.0215336
0.0215188
0.0215054
0.0214954
0.0214967
0.0214916
0.0214897
0.0214847
0.0214809
0.0214821
0.0214757
0.021468
0.0214656
0.0214664
0.021461
0.0214582
