0.166644
0.0369
0.034322
0.0301437
0.0260924
0.0248587
0.0241637
0.0239735
0.0236992
0.0236414
0.0235027
0.0234639
0.0233824
0.0233422
0.0232847
0.0232434
0.0231966
0.0231565
0.0231149
0.023076
0.023037
0.0229991
0.0229609
0.0229235
0.0228854
0.0228479
0.0228097
0.0227715
0.0227331
0.022694
0.0226545
0.022614
0.0225736
0.0225319
0.0224896
0.0224466
0.0224034
0.0223598
0.0223158
0.0222709
0.022226
0.0221805
0.0221355
0.0220894
0.0220432
0.0219966
0.0219495
0.0219021
0.0218545
0.0218064
0.0217578
0.0217092
0.02166
0.0216105
0.021561
0.0215111
0.0214605
0.0214093
0.0213583
0.0213064
0.0212547
0.0212023
0.0211499
0.0210969
0.0210433
0.0209898
0.0209361
0.0208824
0.0208282
0.020774
0.0207198
0.0206652
0.0206101
0.0205545
0.0204989
0.0204433
0.0203878
0.0203321
0.0202761
0.0202197
0.0201629
0.0201062
0.0200489
0.019992
0.0199351
0.0198778
0.0198205
0.0197631
0.0197053
0.0196475
0.0195899
0.0195318
0.0194742
0.0194166
0.0193593
0.0193018
0.0192443
0.0191868
0.0191294
0.0190725
0.0190157
0.0189585
0.0189018
